<?xml version="1.0" encoding="UTF-8"?>
<testsuite xmlns:xsi="http://www.w3.org/2001/XMLSchema-instance" xsi:noNamespaceSchemaLocation="https://maven.apache.org/surefire/maven-surefire-plugin/xsd/surefire-test-report.xsd" name="ar.edu.unlp.info.oo2.biblioteca.VoorheesExporterTest" time="0.02" tests="2" errors="0" skipped="0" failures="0">
  <properties>
[...]
</properties>
  <testcase name="testExportarUnSocio" classname="ar.edu.unlp.info.oo2.biblioteca.VoorheesExporterTest" time="0.016"/>
  <testcase name="testExportarListaVacia" classname="ar.edu.unlp.info.oo2.biblioteca.VoorheesExporterTest" time="0.001"/>
</testsuite>